[www.ewedinvite.site/THIEPCUOI.html]
[backblue.gif]
[fade.gif]
[index.html]
[content.pancake.vn/1/s96x50/fwebp/06/92/cf/37/91602f3e90b650de349806f37b724ef20cbf59562bb96d335e1b9221-w_1200-h_630-l_898453-t_image/png.png]
[content.pancake.vn/1/s750x1051/fwebp/05/e8/a8/16/01929026352f538e92df0cf5acb55a927a088c800fcceec2f2ed400e-w_2857-h_4000-l_443402-t_image/png.png]
[content.pancake.vn/1/s750x1051/fwebp/7e/0e/ee/a0/c27d822a813538477d62a88d9e8b8589c4d236ff795f70c73cfc3b7e-w_2857-h_4000-l_498009-t_image/png.png]
[content.pancake.vn/1/s654x873/fwebp/b8/a9/be/33/645ec95fdf293c645381a4aefd65aada76ac2c12e1a08201bf323dd5-w_1919-h_2560-l_363265-t_image/jpeg.jpg]
[content.pancake.vn/1/s750x1051/fwebp/f1/c6/99/9b/84ae5a36a38f56bd560b76c5127697498d846aedb2d7c19b97fb91d3-w_2857-h_4000-l_451305-t_image/png.png]
[content.pancake.vn/1/fwebp/1f/94/22/d2/4b84947380d319a034d00e7f832c3382c2e560af38d2eb0c27f28233-w_313-h_313-l_4199-t_image/png.png]
[content.pancake.vn/1/fwebp/ad/5f/53/64/1edd4fef1a388b55bd7e911576af2974ef23eee1d6e8256fbc284adb-w_313-h_313-l_85150-t_image/png.png]
[content.pancake.vn/1/fwebp/96/eb/3e/88/e0669ae69ebd15ed0ce1f5084f1c40ff9f5f95748b2f5655a899050e-w_313-h_313-l_52959-t_image/png.png]
[content.pancake.vn/1/fwebp/bf/2f/5d/80/19a0458767a0deb97944f43446b1d99e2f5f6dd0f391afe8f83701fd-w_313-h_313-l_43599-t_image/png.png]
[content.pancake.vn/1/fwebp/1f/16/e4/11/0b3d30427528ab5be1b6228746b88c90298787bf4b800b6b390c3f0e-w_100-h_100-l_4112-t_image/png.png]
[content.pancake.vn/1/fwebp/b3/d7/78/bb/d8759c19ffd5366a85530fbb9d84c8030baaeae14a7b2d8e6d714072-w_313-h_313-l_4969-t_image/png.png]
[content.pancake.vn/1/fwebp/f5/9d/6e/68/68bd732f71085eb122df4674357e52a44ce50cdefc9018e1bfebbf2a-w_200-h_200-l_5929-t_image/png.png]
[content.pancake.vn/1/fwebp/02/d4/a7/88/fef5132f979892c1778a688f2039942fc24b396b332750179775f87e-w_200-h_200-l_8183-t_image/png.png]
[content.pancake.vn/1/dlc/31/08/c9/52/c9f574ca2fa8481e1c8c657100583ddfbf47e33427d480a7dc32e788-w_200-h_200-l_242141-t_image/gif.gif]
[content.pancake.vn/1/s1380x536/fwebp/cf/cf/28/5f/f9ca08165577556ed2df053b0962a0e8e670490844d7ad5e84fa48b2.png]
[content.pancake.vn/1/fwebp/e2/bc/35/38/dc2d9ddf74d997785eb0c802bd3237a50de1118e505f1e0a89ae4ec1-w_592-h_1280-l_497233-t_image/png.png]
[www.ewedinvite.site/info.html]
[api.webcake.io/animate/animatev43860.css]
[api.webcake.io/render_iconfont/iconfont3860.css]
[www.ewedinvite.site/webcake/v4/a0f84ea2-80ba-4f7c-9749-cb0e4f64100c3860.html]
[www.ewedinvite.site/page_view9e64.gif]
[www.ewedinvite.site/THIEPCUOI.html]
[content.pancake.vn/1/s50x50/fwebp/44/2c/57/8e/d25a95bce65ad521c41fe753e65b561ca70be0cf88030dc5e0f11ce3-w_500-h_500-l_28532-t_image/jpeg.jpeg]
[content.pancake.vn/web-media/84/1a/21/97/44698ab241de9318c4ff8c7fe26cd849160eda63be6a0832492643f9-w_736-h_1106-l_49837-t_image/jpeg.jpg]
[content.pancake.vn/1/s450x450/fwebp/6a/be/e0/0a/d7335accb2128a23bbc4da24e5c40ae720a77b6258454fd24dc3d7c5-w_512-h_512-l_3489-t_image/png.png]
[content.pancake.vn/1/s443x443/fwebp/08/3f/7a/e9/be9a053a77ec7cdb461246a62779525962247b7146d4dcccce9c1cfb-w_512-h_512-l_29415-t_image/png.png]
[content.pancake.vn/1/s445x445/fwebp/08/3f/7a/e9/be9a053a77ec7cdb461246a62779525962247b7146d4dcccce9c1cfb-w_512-h_512-l_29415-t_image/png.png]
[content.pancake.vn/1/s676x1464/fwebp/4c/dc/31/ac/4cb553b00b9e261af4c270bc45bd315a14a70669fbbde64c152482cb-w_1242-h_2688-l_250006-t_image/jpeg.jpg]
[content.pancake.vn/1/s690x808/fwebp/84/c4/25/4b/4bd412d4a4efd2223c87b18d88d077ff82027e7a13d9f52a880f528b-w_1083-h_1267-l_158873-t_image/jpeg.jpg]
[content.pancake.vn/1/s691x742/fwebp/5d/17/3f/1d/0bf02f58b4796559c8de66242a43c100f7d5542ca6ea1bab697d294a-w_1284-h_1377-l_167097-t_image/jpeg.jpg]
[content.pancake.vn/1/s694x741/fwebp/84/a6/b6/27/0b39b48123ab6c9ca8d1d3d7f9b2f786954135332704fbae95c83aa4-w_1290-h_1377-l_170586-t_image/jpeg.jpg]
[www.ewedinvite.site/webcake/v4/4ae26e12-57fd-45e8-aeb3-fbb87aaead2e3860.html]
[www.ewedinvite.site/page_view5d79.gif]
[www.ewedinvite.site/info.html]
[api.webcake.io/animate/animatev43860.css]
[api.webcake.io/render_iconfont/iconfontbd18.woff2]
[api.webcake.io/render_iconfont/iconfontbd18.woff]
[api.webcake.io/render_iconfont/iconfontbd18.ttf]
[api.webcake.io/render_iconfont/iconfont3860.css]
[www.ewedinvite.site/sync/index.html]
[www.ewedinvite.site/ext_sync/index.html]
[www.ewedinvite.site/index.html]
[www.ewedinvite.site/cart/app2a3b.js]
[www.ewedinvite.site/form_data/index.html]
[www.ewedinvite.site/create_temp_form/index.html]
[www.ewedinvite.site/webcake/v4/a0f84ea2-80ba-4f7c-9749-cb0e4f64100c3860.html]
[www.ewedinvite.site/webcake/v4/4ae26e12-57fd-45e8-aeb3-fbb87aaead2e3860.html]
[www.ewedinvite.site/ext_create_temp_form/index.html]
[www.ewedinvite.site/create_form_data/index.html]
[www.ewedinvite.site/ext_create_form_data/index.html]
[www.ewedinvite.site/datasets/index.html]
[www.ewedinvite.site/partners/index.html]
[www.ewedinvite.site/global_section/index.html]
[content.pancake.vn/1/48/c1/5e/fa/d6427653b3fa44d854f2171914c91e090286b98f56448f3101970b11.png]
[www.ewedinvite.site/sync/index.html]
[www.ewedinvite.site/ext_sync/index.html]
[www.ewedinvite.site/index.html]
[www.ewedinvite.site/form_data/index.html]
[www.ewedinvite.site/create_temp_form/index.html]
[www.ewedinvite.site/ext_create_temp_form/index.html]
[www.ewedinvite.site/create_form_data/index.html]
[www.ewedinvite.site/ext_create_form_data/index.html]
[www.ewedinvite.site/webcake/v4/v.json]
[www.ewedinvite.site/webcake/v4/e.json]
[www.ewedinvite.site/webcake/v4/O.json]
[www.ewedinvite.site/datasets/index.html]
[www.ewedinvite.site/partners/index.html]
[www.ewedinvite.site/webcake/v4/www.webcake.json]
[www.ewedinvite.site/global_section/index.html]
[www.googletagmanager.com/gtm5445.html]
